2022-04-26 08:58:30.662+0400: /////////////////////////////////////////////////////////////////
2022-04-26 08:58:30.662+0400: +++++++++++++++++++++++++++++++++++++++++++++++++++++++++++++++++
2022-04-26 08:58:30.662+0400: + Mentalese Database Engine (MentDB)                    v_3.1.2 +
2022-04-26 08:58:30.663+0400: +++++++++++++++++++++++++++++++++++++++++++++++++++++++++++++++++
2022-04-26 08:58:30.663+0400: -----------------------------------------------------------------
2022-04-26 08:58:30.699+0400: Loading global config from 'server.conf' > OK
2022-04-26 08:58:31.646+0400: H2 Light mode activated > [OK]
2022-04-26 08:58:31.651+0400: Open MentDB database > [OK]
2022-04-26 08:58:31.693+0400: Load global parameters > [OK]
2022-04-26 08:58:32.922+0400: Starting the web server > [OK]
2022-04-26 08:58:33.4+0400: Start all jobs > [OK]
2022-04-26 08:58:33.69+0400: Execute 'boot.execute.on.start.post' > [OK]
2022-04-26 08:58:33.70+0400: -----------------------------------------------------------------
2022-04-26 08:58:33.71+0400: Port 9998, Pid 43612 > [LISTENING]
2022-04-26 08:58:33.71+0400: -----------------------------------------------------------------
2022-04-26 08:58:35.145+0400: Documentation > [OK]
2022-04-26 08:58:35.145+0400: -----------------------------------------------------------------
2022-04-26 08:58:35.145+0400: [READY]
2022-04-26 08:59:02.897+0400: -----------------------------------------------------------------
2022-04-26 08:59:02.901+0400: Execute 'boot.execute.on.shutdown.post' > [OK]
2022-04-26 08:59:02.920+0400: Stop the web server > [OK]
2022-04-26 08:59:02.923+0400: Stop all jobs > [OK]
2022-04-26 08:59:02.923+0400: H2 Light mode deactivated > [OK]
2022-04-26 08:59:02.923+0400: -----------------------------------------------------------------
2022-04-26 08:59:02.923+0400: Bye.
